  production.cc
  gtest_prod_test.cc
  Generating Code...
gtest_prod_test.obj : warning LNK4075: ignoring '/EDITANDCONTINUE' due to '/SAFESEH' specification
gtest_prod_test.obj : error LNK2019: unresolved external symbol "bool __cdecl testing::internal::IsTrue(bool)" (?IsTrue@internal@testing@@YA_N_N@Z) referenced in function "public: void __thiscall testing::internal::scoped_ptr<class std::basic_string<char,struct std::char_traits<char>,class std::allocator<char> > >::reset(class std::basic_string<char,struct std::char_traits<char>,class std::allocator<char> > *)" (?reset@?$scoped_ptr@V?$basic_string@DU?$char_traits@D@std@@V?$allocator@D@2@@std@@@internal@testing@@QAEXPAV?$basic_string@DU?$char_traits@D@std@@V?$allocator@D@2@@std@@@Z)
gtest_prod_test.obj : error LNK2019: unresolved external symbol "public: __thiscall testing::Message::Message(void)" (??0Message@testing@@QAE@XZ) referenced in function "private: virtual void __thiscall PrivateCodeFixtureTest_CanAccessPrivateMembers_Test::TestBody(void)" (?TestBody@PrivateCodeFixtureTest_CanAccessPrivateMembers_Test@@EAEXXZ)
gtest_prod_test.obj : error LNK2019: unresolved external symbol "class testing::AssertionResult __cdecl testing::internal::EqFailure(char const *,char const *,class std::basic_string<char,struct std::char_traits<char>,class std::allocator<char> > const &,class std::basic_string<char,struct std::char_traits<char>,class std::allocator<char> > const &,bool)" (?EqFailure@internal@testing@@YA?AVAssertionResult@2@PBD0ABV?$basic_string@DU?$char_traits@D@std@@V?$allocator@D@2@@std@@1_N@Z) referenced in function "class testing::AssertionResult __cdecl testing::internal::CmpHelperEQFailure<int,int>(char const *,char const *,int const &,int const &)" (??$CmpHelperEQFailure@HH@internal@testing@@YA?AVAssertionResult@1@PBD0ABH1@Z)
gtest_prod_test.obj : error LNK2019: unresolved external symbol "void const * __cdecl testing::internal::GetTestTypeId(void)" (?GetTestTypeId@internal@testing@@YAPBXXZ) referenced in function "void __cdecl `dynamic initializer for 'private: static class testing::TestInfo * PrivateCodeTest_CanAccessPrivateMembers_Test::test_info_''(void)" (??__E?test_info_@PrivateCodeTest_CanAccessPrivateMembers_Test@@0QAVTestInfo@testing@@A@@YAXXZ)
gtest_prod_test.obj : error LNK2019: unresolved external symbol "class testing::TestInfo * __cdecl testing::internal::MakeAndRegisterTestInfo(char const *,char const *,char const *,char const *,struct testing::internal::CodeLocation,void const *,void (__cdecl*)(void),void (__cdecl*)(void),class testing::internal::TestFactoryBase *)" (?MakeAndRegisterTestInfo@internal@testing@@YAPAVTestInfo@2@PBD000UCodeLocation@12@PBXP6AXXZ3PAVTestFactoryBase@12@@Z) referenced in function "void __cdecl `dynamic initializer for 'private: static class testing::TestInfo * PrivateCodeFixtureTest_CanAccessPrivateMembers_Test::test_info_''(void)" (??__E?test_info_@PrivateCodeFixtureTest_CanAccessPrivateMembers_Test@@0QAVTestInfo@testing@@A@@YAXXZ)
gtest_prod_test.obj : error LNK2019: unresolved external symbol "class testing::AssertionResult __cdecl testing::AssertionSuccess(void)" (?AssertionSuccess@testing@@YA?AVAssertionResult@1@XZ) referenced in function "class testing::AssertionResult __cdecl testing::internal::CmpHelperEQ<int,int>(char const *,char const *,int const &,int const &)" (??$CmpHelperEQ@HH@internal@testing@@YA?AVAssertionResult@1@PBD0ABH1@Z)
gtest_prod_test.obj : error LNK2019: unresolved external symbol "public: virtual __thiscall testing::Test::~Test(void)" (??1Test@testing@@UAE@XZ) referenced in function "public: virtual __thiscall PrivateCodeFixtureTest_CanAccessPrivateMembers_Test::~PrivateCodeFixtureTest_CanAccessPrivateMembers_Test(void)" (??1PrivateCodeFixtureTest_CanAccessPrivateMembers_Test@@UAE@XZ)
gtest_prod_test.obj : error LNK2019: unresolved external symbol "protected: __thiscall testing::Test::Test(void)" (??0Test@testing@@IAE@XZ) referenced in function "public: __thiscall PrivateCodeFixtureTest_CanAccessPrivateMembers_Test::PrivateCodeFixtureTest_CanAccessPrivateMembers_Test(void)" (??0PrivateCodeFixtureTest_CanAccessPrivateMembers_Test@@QAE@XZ)
gtest_prod_test.obj : error LNK2001: unresolved external symbol "protected: virtual void __thiscall testing::Test::SetUp(void)" (?SetUp@Test@testing@@MAEXXZ)
gtest_prod_test.obj : error LNK2001: unresolved external symbol "protected: virtual void __thiscall testing::Test::TearDown(void)" (?TearDown@Test@testing@@MAEXXZ)
gtest_prod_test.obj : error LNK2019: unresolved external symbol "public: __thiscall testing::internal::AssertHelper::AssertHelper(enum testing::TestPartResult::Type,char const *,int,char const *)" (??0AssertHelper@internal@testing@@QAE@W4Type@TestPartResult@2@PBDH1@Z) referenced in function "private: virtual void __thiscall PrivateCodeFixtureTest_CanAccessPrivateMembers_Test::TestBody(void)" (?TestBody@PrivateCodeFixtureTest_CanAccessPrivateMembers_Test@@EAEXXZ)
gtest_prod_test.obj : error LNK2019: unresolved external symbol "public: __thiscall testing::internal::AssertHelper::~AssertHelper(void)" (??1AssertHelper@internal@testing@@QAE@XZ) referenced in function "private: virtual void __thiscall PrivateCodeFixtureTest_CanAccessPrivateMembers_Test::TestBody(void)" (?TestBody@PrivateCodeFixtureTest_CanAccessPrivateMembers_Test@@EAEXXZ)
gtest_prod_test.obj : error LNK2019: unresolved external symbol "public: void __thiscall testing::internal::AssertHelper::operator=(class testing::Message const &)const " (??4AssertHelper@internal@testing@@QBEXABVMessage@2@@Z) referenced in function "private: virtual void __thiscall PrivateCodeFixtureTest_CanAccessPrivateMembers_Test::TestBody(void)" (?TestBody@PrivateCodeFixtureTest_CanAccessPrivateMembers_Test@@EAEXXZ)
LIBCMTD.lib(exe_main.obj) : error LNK2019: unresolved external symbol _main referenced in function "int __cdecl invoke_main(void)" (?invoke_main@@YAHXZ)
GTServer/Debug\gtest_prod_test.exe : fatal error LNK1120: 14 unresolved externals
