  gtest_unittest.cc
gtest_unittest.obj : error LNK2001: unresolved external symbol "class std::basic_string<char,struct std::char_traits<char>,class std::allocator<char> > testing::internal::FLAGS_gtest_internal_run_death_test" (?FLAGS_gtest_internal_run_death_test@internal@testing@@3V?$basic_string@DU?$char_traits@D@std@@V?$allocator@D@2@@std@@A)
gtest_unittest.obj : error LNK2001: unresolved external symbol "class std::basic_string<char,struct std::char_traits<char>,class std::allocator<char> > testing::FLAGS_gtest_death_test_style" (?FLAGS_gtest_death_test_style@testing@@3V?$basic_string@DU?$char_traits@D@std@@V?$allocator@D@2@@std@@A)
gtest_unittest.obj : error LNK2001: unresolved external symbol "bool testing::FLAGS_gtest_also_run_disabled_tests" (?FLAGS_gtest_also_run_disabled_tests@testing@@3_NA)
gtest_unittest.obj : error LNK2001: unresolved external symbol "bool testing::FLAGS_gtest_break_on_failure" (?FLAGS_gtest_break_on_failure@testing@@3_NA)
gtest_unittest.obj : error LNK2001: unresolved external symbol "bool testing::FLAGS_gtest_catch_exceptions" (?FLAGS_gtest_catch_exceptions@testing@@3_NA)
gtest_unittest.obj : error LNK2001: unresolved external symbol "class std::basic_string<char,struct std::char_traits<char>,class std::allocator<char> > testing::FLAGS_gtest_color" (?FLAGS_gtest_color@testing@@3V?$basic_string@DU?$char_traits@D@std@@V?$allocator@D@2@@std@@A)
gtest_unittest.obj : error LNK2001: unresolved external symbol "class std::basic_string<char,struct std::char_traits<char>,class std::allocator<char> > testing::FLAGS_gtest_filter" (?FLAGS_gtest_filter@testing@@3V?$basic_string@DU?$char_traits@D@std@@V?$allocator@D@2@@std@@A)
gtest_unittest.obj : error LNK2001: unresolved external symbol "bool testing::FLAGS_gtest_list_tests" (?FLAGS_gtest_list_tests@testing@@3_NA)
gtest_unittest.obj : error LNK2001: unresolved external symbol "class std::basic_string<char,struct std::char_traits<char>,class std::allocator<char> > testing::FLAGS_gtest_output" (?FLAGS_gtest_output@testing@@3V?$basic_string@DU?$char_traits@D@std@@V?$allocator@D@2@@std@@A)
gtest_unittest.obj : error LNK2001: unresolved external symbol "bool testing::FLAGS_gtest_print_time" (?FLAGS_gtest_print_time@testing@@3_NA)
gtest_unittest.obj : error LNK2001: unresolved external symbol "int testing::FLAGS_gtest_random_seed" (?FLAGS_gtest_random_seed@testing@@3HA)
gtest_unittest.obj : error LNK2001: unresolved external symbol "int testing::FLAGS_gtest_repeat" (?FLAGS_gtest_repeat@testing@@3HA)
gtest_unittest.obj : error LNK2001: unresolved external symbol "bool testing::FLAGS_gtest_shuffle" (?FLAGS_gtest_shuffle@testing@@3_NA)
gtest_unittest.obj : error LNK2001: unresolved external symbol "int testing::FLAGS_gtest_stack_trace_depth" (?FLAGS_gtest_stack_trace_depth@testing@@3HA)
gtest_unittest.obj : error LNK2001: unresolved external symbol "bool testing::FLAGS_gtest_throw_on_failure" (?FLAGS_gtest_throw_on_failure@testing@@3_NA)
gtest_unittest.obj : error LNK2001: unresolved external symbol "class std::basic_string<char,struct std::char_traits<char>,class std::allocator<char> > testing::FLAGS_gtest_stream_result_to" (?FLAGS_gtest_stream_result_to@testing@@3V?$basic_string@DU?$char_traits@D@std@@V?$allocator@D@2@@std@@A)
gtest_unittest.obj : error LNK2001: unresolved external symbol "bool testing::FLAGS_gtest_death_test_use_fork" (?FLAGS_gtest_death_test_use_fork@testing@@3_NA)
gtest_unittest.obj : error LNK2001: unresolved external symbol "protected: virtual void __thiscall testing::Test::SetUp(void)" (?SetUp@Test@testing@@MAEXXZ)
gtest_unittest.obj : error LNK2001: unresolved external symbol "protected: virtual void __thiscall testing::Test::TearDown(void)" (?TearDown@Test@testing@@MAEXXZ)
gtest_unittest.obj : error LNK2019: unresolved external symbol "bool __cdecl testing::internal::IsTrue(bool)" (?IsTrue@internal@testing@@YA_N_N@Z) referenced in function "private: virtual void __thiscall EventListenerDeathTest_EventsNotForwardedInDeathTestSubprecesses_Test::TestBody(void)" (?TestBody@EventListenerDeathTest_EventsNotForwardedInDeathTestSubprecesses_Test@@EAEXXZ)
gtest_unittest.obj : error LNK2019: unresolved external symbol "public: __thiscall testing::internal::RE::~RE(void)" (??1RE@internal@testing@@QAE@XZ) referenced in function "private: virtual void __thiscall EventListenerDeathTest_EventsNotForwardedInDeathTestSubprecesses_Test::TestBody(void)" (?TestBody@EventListenerDeathTest_EventsNotForwardedInDeathTestSubprecesses_Test@@EAEXXZ)
gtest_unittest.obj : error LNK2019: unresolved external symbol "private: void __thiscall testing::internal::RE::Init(char const *)" (?Init@RE@internal@testing@@AAEXPBD@Z) referenced in function "private: virtual void __thiscall EventListenerDeathTest_EventsNotForwardedInDeathTestSubprecesses_Test::TestBody(void)" (?TestBody@EventListenerDeathTest_EventsNotForwardedInDeathTestSubprecesses_Test@@EAEXXZ)
gtest_unittest.obj : error LNK2019: unresolved external symbol "class std::basic_string<char,struct std::char_traits<char>,class std::allocator<char> > __cdecl testing::internal::FormatFileLocation(char const *,int)" (?FormatFileLocation@internal@testing@@YA?AV?$basic_string@DU?$char_traits@D@std@@V?$allocator@D@2@@std@@PBDH@Z) referenced in function __catch$?TestBody@EventListenerDeathTest_EventsNotForwardedInDeathTestSubprecesses_Test@@EAEXXZ$2
gtest_unittest.obj : error LNK2019: unresolved external symbol "public: __thiscall testing::internal::GTestLog::GTestLog(enum testing::internal::GTestLogSeverity,char const *,int)" (??0GTestLog@internal@testing@@QAE@W4GTestLogSeverity@12@PBDH@Z) referenced in function "private: virtual void __thiscall EventListenerDeathTest_EventsNotForwardedInDeathTestSubprecesses_Test::TestBody(void)" (?TestBody@EventListenerDeathTest_EventsNotForwardedInDeathTestSubprecesses_Test@@EAEXXZ)
gtest_unittest.obj : error LNK2019: unresolved external symbol "public: __thiscall testing::internal::GTestLog::~GTestLog(void)" (??1GTestLog@internal@testing@@QAE@XZ) referenced in function "private: virtual void __thiscall EventListenerDeathTest_EventsNotForwardedInDeathTestSubprecesses_Test::TestBody(void)" (?TestBody@EventListenerDeathTest_EventsNotForwardedInDeathTestSubprecesses_Test@@EAEXXZ)
gtest_unittest.obj : error LNK2019: unresolved external symbol "void __cdecl testing::internal::CaptureStdout(void)" (?CaptureStdout@internal@testing@@YAXXZ) referenced in function "protected: static void __cdecl testing::InitGoogleTestTest::TestParsingFlags<char>(int,char const * *,int,char const * *,struct testing::Flags const &,bool)" (??$TestParsingFlags@D@InitGoogleTestTest@testing@@KAXHPAPBDH0ABUFlags@1@_N@Z)
gtest_unittest.obj : error LNK2019: unresolved external symbol "class std::basic_string<char,struct std::char_traits<char>,class std::allocator<char> > __cdecl testing::internal::GetCapturedStdout(void)" (?GetCapturedStdout@internal@testing@@YA?AV?$basic_string@DU?$char_traits@D@std@@V?$allocator@D@2@@std@@XZ) referenced in function "protected: static void __cdecl testing::InitGoogleTestTest::TestParsingFlags<char>(int,char const * *,int,char const * *,struct testing::Flags const &,bool)" (??$TestParsingFlags@D@InitGoogleTestTest@testing@@KAXHPAPBDH0ABUFlags@1@_N@Z)
gtest_unittest.obj : error LNK2019: unresolved external symbol "class std::basic_string<char,struct std::char_traits<char>,class std::allocator<char> > __cdecl testing::internal::TempDir(void)" (?TempDir@internal@testing@@YA?AV?$basic_string@DU?$char_traits@D@std@@V?$allocator@D@2@@std@@XZ) referenced in function "public: virtual void __thiscall testing::FlagfileTest::SetUp(void)" (?SetUp@FlagfileTest@testing@@UAEXXZ)
gtest_unittest.obj : error LNK2019: unresolved external symbol "public: void __thiscall testing::internal::Mutex::Lock(void)" (?Lock@Mutex@internal@testing@@QAEXXZ) referenced in function "public: bool __thiscall testing::internal::linked_ptr_internal::depart(void)" (?depart@linked_ptr_internal@internal@testing@@QAE_NXZ)
gtest_unittest.obj : error LNK2019: unresolved external symbol "public: void __thiscall testing::internal::Mutex::Unlock(void)" (?Unlock@Mutex@internal@testing@@QAEXXZ) referenced in function "public: bool __thiscall testing::internal::linked_ptr_internal::depart(void)" (?depart@linked_ptr_internal@internal@testing@@QAE_NXZ)
gtest_unittest.obj : error LNK2019: unresolved external symbol "public: void __thiscall testing::internal::ThreadWithParamBase::Join(void)" (?Join@ThreadWithParamBase@internal@testing@@QAEXXZ) referenced in function "protected: static void __cdecl `anonymous namespace'::ScopedFakeTestPartResultReporterWithThreadsTest::AddFailureInOtherThread(enum A0x726f3399::ScopedFakeTestPartResultReporterTest::FailureMode)" (?AddFailureInOtherThread@ScopedFakeTestPartResultReporterWithThreadsTest@?A0x726f3399@@KAXW4FailureMode@ScopedFakeTestPartResultReporterTest@2@@Z)
gtest_unittest.obj : error LNK2019: unresolved external symbol "protected: __thiscall testing::internal::ThreadWithParamBase::ThreadWithParamBase(class testing::internal::ThreadWithParamBase::Runnable *,class testing::internal::Notification *)" (??0ThreadWithParamBase@internal@testing@@IAE@PAVRunnable@012@PAVNotification@12@@Z) referenced in function "public: __thiscall testing::internal::ThreadWithParam<enum `anonymous namespace'::ScopedFakeTestPartResultReporterTest::FailureMode>::ThreadWithParam<enum `anonymous namespace'::ScopedFakeTestPartResultReporterTest::FailureMode>(void (__cdecl*)(enum `anonymous namespace'::ScopedFakeTestPartResultReporterTest::FailureMode),enum `anonymous namespace'::ScopedFakeTestPartResultReporterTest::FailureMode,class testing::internal::Notification *)" (??0?$ThreadWithParam@W4FailureMode@ScopedFakeTestPartResultReporterTest@?A0x726f3399@@@internal@testing@@QAE@P6AXW4FailureMode@ScopedFakeTestPartResultReporterTest@?A0x726f3399@@@Z0PAVNotification@12@@Z)
gtest_unittest.obj : error LNK2019: unresolved external symbol "protected: virtual __thiscall testing::internal::ThreadWithParamBase::~ThreadWithParamBase(void)" (??1ThreadWithParamBase@internal@testing@@MAE@XZ) referenced in function "public: virtual __thiscall testing::internal::ThreadWithParam<enum `anonymous namespace'::ScopedFakeTestPartResultReporterTest::FailureMode>::~ThreadWithParam<enum `anonymous namespace'::ScopedFakeTestPartResultReporterTest::FailureMode>(void)" (??1?$ThreadWithParam@W4FailureMode@ScopedFakeTestPartResultReporterTest@?A0x726f3399@@@internal@testing@@UAE@XZ)
gtest_unittest.obj : error LNK2019: unresolved external symbol "int __cdecl testing::internal::Int32FromGTestEnv(char const *,int)" (?Int32FromGTestEnv@internal@testing@@YAHPBDH@Z) referenced in function "private: virtual void __thiscall `anonymous namespace'::Int32FromGTestEnvTest_ReturnsDefaultWhenVariableIsNotSet_Test::TestBody(void)" (?TestBody@Int32FromGTestEnvTest_ReturnsDefaultWhenVariableIsNotSet_Test@?A0x726f3399@@EAEXXZ)
gtest_unittest.obj : error LNK2019: unresolved external symbol "public: __thiscall testing::Message::Message(void)" (??0Message@testing@@QAE@XZ) referenced in function "private: virtual void __thiscall `anonymous namespace'::StringAssertionTest_STRNE_Wide_Test::TestBody(void)" (?TestBody@StringAssertionTest_STRNE_Wide_Test@?A0x726f3399@@EAEXXZ)
gtest_unittest.obj : error LNK2019: unresolved external symbol "public: class testing::Message & __thiscall testing::Message::operator<<(wchar_t const *)" (??6Message@testing@@QAEAAV01@PB_W@Z) referenced in function "private: virtual void __thiscall `anonymous namespace'::AssertionWithMessageTest_WideStringMessage_Test::TestBody(void)" (?TestBody@AssertionWithMessageTest_WideStringMessage_Test@?A0x726f3399@@EAEXXZ)
gtest_unittest.obj : error LNK2019: unresolved external symbol "public: class testing::Message & __thiscall testing::Message::operator<<(wchar_t *)" (??6Message@testing@@QAEAAV01@PA_W@Z) referenced in function "private: virtual void __thiscall MessageTest_WideStrings_Test::TestBody(void)" (?TestBody@MessageTest_WideStrings_Test@@EAEXXZ)
gtest_unittest.obj : error LNK2019: unresolved external symbol "public: class std::basic_string<char,struct std::char_traits<char>,class std::allocator<char> > __thiscall testing::Message::GetString(void)const " (?GetString@Message@testing@@QBE?AV?$basic_string@DU?$char_traits@D@std@@V?$allocator@D@2@@std@@XZ) referenced in function "private: virtual void __thiscall MessageTest_CanStreamUserTypeInGlobalNameSpace_Test::TestBody(void)" (?TestBody@MessageTest_CanStreamUserTypeInGlobalNameSpace_Test@@EAEXXZ)
gtest_unittest.obj : error LNK2019: unresolved external symbol "public: static class std::basic_string<char,struct std::char_traits<char>,class std::allocator<char> > __cdecl testing::internal::String::ShowWideCString(wchar_t const *)" (?ShowWideCString@String@internal@testing@@SA?AV?$basic_string@DU?$char_traits@D@std@@V?$allocator@D@2@@std@@PB_W@Z) referenced in function "private: virtual void __thiscall `anonymous namespace'::StringTest_ShowWideCString_Test::TestBody(void)" (?TestBody@StringTest_ShowWideCString_Test@?A0x726f3399@@EAEXXZ)
gtest_unittest.obj : error LNK2019: unresolved external symbol "public: static bool __cdecl testing::internal::String::CaseInsensitiveWideCStringEquals(wchar_t const *,wchar_t const *)" (?CaseInsensitiveWideCStringEquals@String@internal@testing@@SA_NPB_W0@Z) referenced in function "private: virtual void __thiscall `anonymous namespace'::StringTest_CaseInsensitiveWideCStringEquals_Test::TestBody(void)" (?TestBody@StringTest_CaseInsensitiveWideCStringEquals_Test@?A0x726f3399@@EAEXXZ)
gtest_unittest.obj : error LNK2019: unresolved external symbol "public: static bool __cdecl testing::internal::String::EndsWithCaseInsensitive(class std::basic_string<char,struct std::char_traits<char>,class std::allocator<char> > const &,class std::basic_string<char,struct std::char_traits<char>,class std::allocator<char> > const &)" (?EndsWithCaseInsensitive@String@internal@testing@@SA_NABV?$basic_string@DU?$char_traits@D@std@@V?$allocator@D@2@@std@@0@Z) referenced in function "private: virtual void __thiscall `anonymous namespace'::StringTest_EndsWithCaseInsensitive_Test::TestBody(void)" (?TestBody@StringTest_EndsWithCaseInsensitive_Test@?A0x726f3399@@EAEXXZ)
gtest_unittest.obj : error LNK2019: unresolved external symbol "class std::basic_string<char,struct std::char_traits<char>,class std::allocator<char> > __cdecl testing::internal::StringStreamToString(class std::basic_stringstream<char,struct std::char_traits<char>,class std::allocator<char> > *)" (?StringStreamToString@internal@testing@@YA?AV?$basic_string@DU?$char_traits@D@std@@V?$allocator@D@2@@std@@PAV?$basic_stringstream@DU?$char_traits@D@std@@V?$allocator@D@2@@4@@Z) referenced in function "class testing::AssertionResult __cdecl testing::internal::CmpHelperFloatingPointEQ<float>(char const *,char const *,float,float)" (??$CmpHelperFloatingPointEQ@M@internal@testing@@YA?AVAssertionResult@1@PBD0MM@Z)
gtest_unittest.obj : error LNK2019: unresolved external symbol "public: static class testing::internal::FilePath __cdecl testing::internal::FilePath::GenerateUniqueFileName(class testing::internal::FilePath const &,class testing::internal::FilePath const &,char const *)" (?GenerateUniqueFileName@FilePath@internal@testing@@SA?AV123@ABV123@0PBD@Z) referenced in function "public: class testing::internal::FilePath __thiscall testing::FlagfileTest::CreateFlagfile(char const *)" (?CreateFlagfile@FlagfileTest@testing@@QAE?AVFilePath@internal@2@PBD@Z)
gtest_unittest.obj : error LNK2019: unresolved external symbol "public: bool __thiscall testing::internal::FilePath::CreateFolder(void)const " (?CreateFolder@FilePath@internal@testing@@QBE_NXZ) referenced in function "public: virtual void __thiscall testing::FlagfileTest::SetUp(void)" (?SetUp@FlagfileTest@testing@@UAEXXZ)
gtest_unittest.obj : error LNK2019: unresolved external symbol "private: void __thiscall testing::internal::FilePath::Normalize(void)" (?Normalize@FilePath@internal@testing@@AAEXXZ) referenced in function "public: virtual void __thiscall testing::FlagfileTest::SetUp(void)" (?SetUp@FlagfileTest@testing@@UAEXXZ)
gtest_unittest.obj : error LNK2019: unresolved external symbol "class std::basic_string<char,struct std::char_traits<char>,class std::allocator<char> > __cdecl testing::internal::AppendUserMessage(class std::basic_string<char,struct std::char_traits<char>,class std::allocator<char> > const &,class testing::Message const &)" (?AppendUserMessage@internal@testing@@YA?AV?$basic_string@DU?$char_traits@D@std@@V?$allocator@D@2@@std@@ABV34@ABVMessage@2@@Z) referenced in function "private: virtual void __thiscall `anonymous namespace'::AssertionTest_AppendUserMessage_Test::TestBody(void)" (?TestBody@AssertionTest_AppendUserMessage_Test@?A0x726f3399@@EAEXXZ)
gtest_unittest.obj : error LNK2019: unresolved external symbol "class std::vector<enum testing::internal::edit_distance::EditType,class std::allocator<enum testing::internal::edit_distance::EditType> > __cdecl testing::internal::edit_distance::CalculateOptimalEdits(class std::vector<unsigned int,class std::allocator<unsigned int> > const &,class std::vector<unsigned int,class std::allocator<unsigned int> > const &)" (?CalculateOptimalEdits@edit_distance@internal@testing@@YA?AV?$vector@W4EditType@edit_distance@internal@testing@@V?$allocator@W4EditType@edit_distance@internal@testing@@@std@@@std@@ABV?$vector@IV?$allocator@I@std@@@5@0@Z) referenced in function "private: virtual void __thiscall `anonymous namespace'::EditDistance_TestCases_Test::TestBody(void)" (?TestBody@EditDistance_TestCases_Test@?A0x726f3399@@EAEXXZ)
gtest_unittest.obj : error LNK2019: unresolved external symbol "class std::basic_string<char,struct std::char_traits<char>,class std::allocator<char> > __cdecl testing::internal::edit_distance::CreateUnifiedDiff(class std::vector<class std::basic_string<char,struct std::char_traits<char>,class std::allocator<char> >,class std::allocator<class std::basic_string<char,struct std::char_traits<char>,class std::allocator<char> > > > const &,class std::vector<class std::basic_string<char,struct std::char_traits<char>,class std::allocator<char> >,class std::allocator<class std::basic_string<char,struct std::char_traits<char>,class std::allocator<char> > > > const &,unsigned int)" (?CreateUnifiedDiff@edit_distance@internal@testing@@YA?AV?$basic_string@DU?$char_traits@D@std@@V?$allocator@D@2@@std@@ABV?$vector@V?$basic_string@DU?$char_traits@D@std@@V?$allocator@D@2@@std@@V?$allocator@V?$basic_string@DU?$char_traits@D@std@@V?$allocator@D@2@@std@@@2@@5@0I@Z) referenced in function "private: virtual void __thiscall `anonymous namespace'::EditDistance_TestCases_Test::TestBody(void)" (?TestBody@EditDistance_TestCases_Test@?A0x726f3399@@EAEXXZ)
gtest_unittest.obj : error LNK2019: unresolved external symbol "class testing::AssertionResult __cdecl testing::internal::EqFailure(char const *,char const *,class std::basic_string<char,struct std::char_traits<char>,class std::allocator<char> > const &,class std::basic_string<char,struct std::char_traits<char>,class std::allocator<char> > const &,bool)" (?EqFailure@internal@testing@@YA?AVAssertionResult@2@PBD0ABV?$basic_string@DU?$char_traits@D@std@@V?$allocator@D@2@@std@@1_N@Z) referenced in function "private: virtual void __thiscall `anonymous namespace'::AssertionTest_EqFailure_Test::TestBody(void)" (?TestBody@AssertionTest_EqFailure_Test@?A0x726f3399@@EAEXXZ)
gtest_unittest.obj : error LNK2019: unresolved external symbol "class std::basic_string<char,struct std::char_traits<char>,class std::allocator<char> > __cdecl testing::internal::GetBoolAssertionFailureMessage(class testing::AssertionResult const &,char const *,char const *,char const *)" (?GetBoolAssertionFailureMessage@internal@testing@@YA?AV?$basic_string@DU?$char_traits@D@std@@V?$allocator@D@2@@std@@ABVAssertionResult@2@PBD11@Z) referenced in function "private: virtual void __thiscall `anonymous namespace'::ParseInt32FlagTest_ReturnsDefaultWhenValueOverflows_Test::TestBody(void)" (?TestBody@ParseInt32FlagTest_ReturnsDefaultWhenValueOverflows_Test@?A0x726f3399@@EAEXXZ)
gtest_unittest.obj : error LNK2019: unresolved external symbol "void const * __cdecl testing::internal::GetTestTypeId(void)" (?GetTestTypeId@internal@testing@@YAPBXXZ) referenced in function "private: virtual void __thiscall `anonymous namespace'::GetTypeIdTest_ReturnsDifferentValuesForDifferentTypes_Test::TestBody(void)" (?TestBody@GetTypeIdTest_ReturnsDifferentValuesForDifferentTypes_Test@?A0x726f3399@@EAEXXZ)
gtest_unittest.obj : error LNK2019: unresolved external symbol "class testing::AssertionResult __cdecl testing::internal::IsHRESULTSuccess(char const *,long)" (?IsHRESULTSuccess@internal@testing@@YA?AVAssertionResult@2@PBDJ@Z) referenced in function "private: virtual void __thiscall `anonymous namespace'::HRESULTAssertionTest_EXPECT_HRESULT_SUCCEEDED_Test::TestBody(void)" (?TestBody@HRESULTAssertionTest_EXPECT_HRESULT_SUCCEEDED_Test@?A0x726f3399@@EAEXXZ)
gtest_unittest.obj : error LNK2019: unresolved external symbol "class testing::AssertionResult __cdecl testing::internal::IsHRESULTFailure(char const *,long)" (?IsHRESULTFailure@internal@testing@@YA?AVAssertionResult@2@PBDJ@Z) referenced in function "private: virtual void __thiscall `anonymous namespace'::HRESULTAssertionTest_EXPECT_HRESULT_FAILED_Test::TestBody(void)" (?TestBody@HRESULTAssertionTest_EXPECT_HRESULT_FAILED_Test@?A0x726f3399@@EAEXXZ)
gtest_unittest.obj : error LNK2019: unresolved external symbol "class testing::TestInfo * __cdecl testing::internal::MakeAndRegisterTestInfo(char const *,char const *,char const *,char const *,struct testing::internal::CodeLocation,void const *,void (__cdecl*)(void),void (__cdecl*)(void),class testing::internal::TestFactoryBase *)" (?MakeAndRegisterTestInfo@internal@testing@@YAPAVTestInfo@2@PBD000UCodeLocation@12@PBXP6AXXZ3PAVTestFactoryBase@12@@Z) referenced in function "public: virtual void __thiscall testing::internal::ParameterizedTestCaseInfo<class testing::CodeLocationForTESTP>::RegisterTests(void)" (?RegisterTests@?$ParameterizedTestCaseInfo@VCodeLocationForTESTP@testing@@@internal@testing@@UAEXXZ)
gtest_unittest.obj : error LNK2019: unresolved external symbol "bool __cdecl testing::internal::SkipPrefix(char const *,char const * *)" (?SkipPrefix@internal@testing@@YA_NPBDPAPBD@Z) referenced in function "private: virtual void __thiscall SkipPrefixTest_DoesNotSkipWhenPrefixDoesNotMatch_Test::TestBody(void)" (?TestBody@SkipPrefixTest_DoesNotSkipWhenPrefixDoesNotMatch_Test@@EAEXXZ)
gtest_unittest.obj : error LNK2019: unresolved external symbol "public: char const * __thiscall testing::internal::TypedTestCasePState::VerifyRegisteredTestNames(char const *,int,char const *)" (?VerifyRegisteredTestNames@TypedTestCasePState@internal@testing@@QAEPBDPBDH0@Z) referenced in function "void __cdecl testing::`dynamic initializer for 'gtest_registered_test_names_CodeLocationForTYPEDTESTP_''(void)" (??__Egtest_registered_test_names_CodeLocationForTYPEDTESTP_@testing@@YAXXZ)
gtest_unittest.obj : error LNK2019: unresolved external symbol "class std::basic_string<char,struct std::char_traits<char>,class std::allocator<char> > __cdecl testing::internal::GetCurrentOsStackTraceExceptTop(class testing::UnitTest *,int)" (?GetCurrentOsStackTraceExceptTop@internal@testing@@YA?AV?$basic_string@DU?$char_traits@D@std@@V?$allocator@D@2@@std@@PAVUnitTest@2@H@Z) referenced in function "private: virtual void __thiscall GetCurrentOsStackTraceExceptTopTest_ReturnsTheStackTrace_Test::TestBody(void)" (?TestBody@GetCurrentOsStackTraceExceptTopTest_ReturnsTheStackTrace_Test@@EAEXXZ)
gtest_unittest.obj : error LNK2019: unresolved external symbol "bool __cdecl testing::internal::AlwaysTrue(void)" (?AlwaysTrue@internal@testing@@YA_NXZ) referenced in function "private: virtual void __thiscall `anonymous namespace'::StringAssertionTest_STRNE_Wide_Test::TestBody(void)" (?TestBody@StringAssertionTest_STRNE_Wide_Test@?A0x726f3399@@EAEXXZ)
gtest_unittest.obj : error LNK2019: unresolved external symbol "public: unsigned int __thiscall testing::internal::Random::Generate(unsigned int)" (?Generate@Random@internal@testing@@QAEII@Z) referenced in function "private: virtual void __thiscall `anonymous namespace'::RandomTest_GeneratesNumbersWithinRange_Test::TestBody(void)" (?TestBody@RandomTest_GeneratesNumbersWithinRange_Test@?A0x726f3399@@EAEXXZ)
gtest_unittest.obj : error LNK2019: unresolved external symbol "public: static bool __cdecl testing::internal::DeathTest::Create(char const *,class testing::internal::RE const *,char const *,int,class testing::internal::DeathTest * *)" (?Create@DeathTest@internal@testing@@SA_NPBDPBVRE@23@0HPAPAV123@@Z) referenced in function "private: virtual void __thiscall EventListenerDeathTest_EventsNotForwardedInDeathTestSubprecesses_Test::TestBody(void)" (?TestBody@EventListenerDeathTest_EventsNotForwardedInDeathTestSubprecesses_Test@@EAEXXZ)
gtest_unittest.obj : error LNK2019: unresolved external symbol "public: static char const * __cdecl testing::internal::DeathTest::LastMessage(void)" (?LastMessage@DeathTest@internal@testing@@SAPBDXZ) referenced in function __catch$?TestBody@EventListenerDeathTest_EventsNotForwardedInDeathTestSubprecesses_Test@@EAEXXZ$3
gtest_unittest.obj : error LNK2019: unresolved external symbol "bool __cdecl testing::internal::ExitedUnsuccessfully(int)" (?ExitedUnsuccessfully@internal@testing@@YA_NH@Z) referenced in function __catch$?TestBody@EventListenerDeathTest_EventsNotForwardedInDeathTestSubprecesses_Test@@EAEXXZ$3
gtest_unittest.obj : error LNK2019: unresolved external symbol "void __cdecl testing::internal2::PrintBytesInObjectTo(unsigned char const *,unsigned int,class std::basic_ostream<char,struct std::char_traits<char> > *)" (?PrintBytesInObjectTo@internal2@testing@@YAXPBEIPAV?$basic_ostream@DU?$char_traits@D@std@@@std@@@Z) referenced in function "class std::basic_ostream<char,struct std::char_traits<char> > & __cdecl testing::internal2::operator<<<char,struct std::char_traits<char>,class `anonymous namespace'::UnprintableChar>(class std::basic_ostream<char,struct std::char_traits<char> > &,class `anonymous namespace'::UnprintableChar const &)" (??$?6DU?$char_traits@D@std@@VUnprintableChar@?A0x726f3399@@@internal2@testing@@YAAAV?$basic_ostream@DU?$char_traits@D@std@@@std@@AAV23@ABVUnprintableChar@?A0x726f3399@@@Z)
gtest_unittest.obj : error LNK2019: unresolved external symbol "void __cdecl testing::internal::PrintTo(unsigned char,class std::basic_ostream<char,struct std::char_traits<char> > *)" (?PrintTo@internal@testing@@YAXEPAV?$basic_ostream@DU?$char_traits@D@std@@@std@@@Z) referenced in function "void __cdecl testing::internal::UniversalPrint<char>(char const &,class std::basic_ostream<char,struct std::char_traits<char> > *)" (??$UniversalPrint@D@internal@testing@@YAXABDPAV?$basic_ostream@DU?$char_traits@D@std@@@std@@@Z)
gtest_unittest.obj : error LNK2019: unresolved external symbol "void __cdecl testing::internal::PrintTo(wchar_t,class std::basic_ostream<char,struct std::char_traits<char> > *)" (?PrintTo@internal@testing@@YAX_WPAV?$basic_ostream@DU?$char_traits@D@std@@@std@@@Z) referenced in function "void __cdecl testing::internal::UniversalPrint<wchar_t>(wchar_t const &,class std::basic_ostream<char,struct std::char_traits<char> > *)" (??$UniversalPrint@_W@internal@testing@@YAXAB_WPAV?$basic_ostream@DU?$char_traits@D@std@@@std@@@Z)
gtest_unittest.obj : error LNK2019: unresolved external symbol "void __cdecl testing::internal::PrintStringTo(class std::basic_string<char,struct std::char_traits<char>,class std::allocator<char> > const &,class std::basic_ostream<char,struct std::char_traits<char> > *)" (?PrintStringTo@internal@testing@@YAXABV?$basic_string@DU?$char_traits@D@std@@V?$allocator@D@2@@std@@PAV?$basic_ostream@DU?$char_traits@D@std@@@4@@Z) referenced in function "class std::basic_string<char,struct std::char_traits<char>,class std::allocator<char> > __cdecl testing::PrintToString<class std::basic_string<char,struct std::char_traits<char>,class std::allocator<char> > >(class std::basic_string<char,struct std::char_traits<char>,class std::allocator<char> > const &)" (??$PrintToString@V?$basic_string@DU?$char_traits@D@std@@V?$allocator@D@2@@std@@@testing@@YA?AV?$basic_string@DU?$char_traits@D@std@@V?$allocator@D@2@@std@@ABV12@@Z)
gtest_unittest.obj : error LNK2019: unresolved external symbol "void __cdecl testing::internal::PrintWideStringTo(class std::basic_string<wchar_t,struct std::char_traits<wchar_t>,class std::allocator<wchar_t> > const &,class std::basic_ostream<char,struct std::char_traits<char> > *)" (?PrintWideStringTo@internal@testing@@YAXABV?$basic_string@_WU?$char_traits@_W@std@@V?$allocator@_W@2@@std@@PAV?$basic_ostream@DU?$char_traits@D@std@@@4@@Z) referenced in function "class std::basic_string<char,struct std::char_traits<char>,class std::allocator<char> > __cdecl testing::PrintToString<class std::basic_string<wchar_t,struct std::char_traits<wchar_t>,class std::allocator<wchar_t> > >(class std::basic_string<wchar_t,struct std::char_traits<wchar_t>,class std::allocator<wchar_t> > const &)" (??$PrintToString@V?$basic_string@_WU?$char_traits@_W@std@@V?$allocator@_W@2@@std@@@testing@@YA?AV?$basic_string@DU?$char_traits@D@std@@V?$allocator@D@2@@std@@ABV?$basic_string@_WU?$char_traits@_W@std@@V?$allocator@_W@2@@2@@Z)
gtest_unittest.obj : error LNK2019: unresolved external symbol "void __cdecl testing::internal::ReportInvalidTestCaseType(char const *,struct testing::internal::CodeLocation)" (?ReportInvalidTestCaseType@internal@testing@@YAXPBDUCodeLocation@12@@Z) referenced in function "public: class testing::internal::ParameterizedTestCaseInfo<class testing::CodeLocationForTESTP> * __thiscall testing::internal::ParameterizedTestCaseRegistry::GetTestCasePatternHolder<class testing::CodeLocationForTESTP>(char const *,struct testing::internal::CodeLocation)" (??$GetTestCasePatternHolder@VCodeLocationForTESTP@testing@@@ParameterizedTestCaseRegistry@internal@testing@@QAEPAV?$ParameterizedTestCaseInfo@VCodeLocationForTESTP@testing@@@12@PBDUCodeLocation@12@@Z)
gtest_unittest.obj : error LNK2019: unresolved external symbol "private: static class std::basic_string<char,struct std::char_traits<char>,class std::allocator<char> > __cdecl testing::TestPartResult::ExtractSummary(char const *)" (?ExtractSummary@TestPartResult@testing@@CA?AV?$basic_string@DU?$char_traits@D@std@@V?$allocator@D@2@@std@@PBD@Z) referenced in function "public: __thiscall testing::TestPartResult::TestPartResult(enum testing::TestPartResult::Type,char const *,int,char const *)" (??0TestPartResult@testing@@QAE@W4Type@01@PBDH1@Z)
gtest_unittest.obj : error LNK2019: unresolved external symbol "public: class testing::TestPartResult const & __thiscall testing::TestPartResultArray::GetTestPartResult(int)const " (?GetTestPartResult@TestPartResultArray@testing@@QBEABVTestPartResult@2@H@Z) referenced in function "private: virtual void __thiscall `anonymous namespace'::ScopedFakeTestPartResultReporterTest_InterceptsTestFailures_Test::TestBody(void)" (?TestBody@ScopedFakeTestPartResultReporterTest_InterceptsTestFailures_Test@?A0x726f3399@@EAEXXZ)
gtest_unittest.obj : error LNK2019: unresolved external symbol "public: int __thiscall testing::TestPartResultArray::size(void)const " (?size@TestPartResultArray@testing@@QBEHXZ) referenced in function "private: virtual void __thiscall `anonymous namespace'::ScopedFakeTestPartResultReporterTest_InterceptsTestFailures_Test::TestBody(void)" (?TestBody@ScopedFakeTestPartResultReporterTest_InterceptsTestFailures_Test@?A0x726f3399@@EAEXXZ)
gtest_unittest.obj : error LNK2019: unresolved external symbol "public: __thiscall testing::internal::HasNewFatalFailureHelper::HasNewFatalFailureHelper(void)" (??0HasNewFatalFailureHelper@internal@testing@@QAE@XZ) referenced in function "private: virtual void __thiscall `anonymous namespace'::NoFatalFailureTest_NoFailure_Test::TestBody(void)" (?TestBody@NoFatalFailureTest_NoFailure_Test@?A0x726f3399@@EAEXXZ)
gtest_unittest.obj : error LNK2019: unresolved external symbol "public: virtual __thiscall testing::internal::HasNewFatalFailureHelper::~HasNewFatalFailureHelper(void)" (??1HasNewFatalFailureHelper@internal@testing@@UAE@XZ) referenced in function "private: virtual void __thiscall `anonymous namespace'::NoFatalFailureTest_NoFailure_Test::TestBody(void)" (?TestBody@NoFatalFailureTest_NoFailure_Test@?A0x726f3399@@EAEXXZ)
gtest_unittest.obj : error LNK2019: unresolved external symbol "public: __thiscall testing::AssertionResult::AssertionResult(class testing::AssertionResult const &)" (??0AssertionResult@testing@@QAE@ABV01@@Z) referenced in function "private: virtual void __thiscall `anonymous namespace'::IsNotSubstringTest_ReturnsCorrectResultsForStdString_Test::TestBody(void)" (?TestBody@IsNotSubstringTest_ReturnsCorrectResultsForStdString_Test@?A0x726f3399@@EAEXXZ)
gtest_unittest.obj : error LNK2019: unresolved external symbol "public: class testing::AssertionResult __thiscall testing::AssertionResult::operator!(void)const " (??7AssertionResult@testing@@QBE?AV01@XZ) referenced in function "private: virtual void __thiscall `anonymous namespace'::IsNotSubstringTest_ReturnsCorrectResultsForStdString_Test::TestBody(void)" (?TestBody@IsNotSubstringTest_ReturnsCorrectResultsForStdString_Test@?A0x726f3399@@EAEXXZ)
gtest_unittest.obj : error LNK2019: unresolved external symbol "class testing::AssertionResult __cdecl testing::AssertionSuccess(void)" (?AssertionSuccess@testing@@YA?AVAssertionResult@1@XZ) referenced in function "private: virtual void __thiscall AssertionResultTest_CopyConstructorWorksWhenNotOptimied_Test::TestBody(void)" (?TestBody@AssertionResultTest_CopyConstructorWorksWhenNotOptimied_Test@@EAEXXZ)
gtest_unittest.obj : error LNK2019: unresolved external symbol "class testing::AssertionResult __cdecl testing::AssertionFailure(void)" (?AssertionFailure@testing@@YA?AVAssertionResult@1@XZ) referenced in function "private: virtual void __thiscall AssertionResultTest_ConstructionWorks_Test::TestBody(void)" (?TestBody@AssertionResultTest_ConstructionWorks_Test@@EAEXXZ)
gtest_unittest.obj : error LNK2019: unresolved external symbol "class testing::AssertionResult __cdecl testing::AssertionFailure(class testing::Message const &)" (?AssertionFailure@testing@@YA?AVAssertionResult@1@ABVMessage@1@@Z) referenced in function "private: virtual void __thiscall AssertionResultTest_ConstructionWorks_Test::TestBody(void)" (?TestBody@AssertionResultTest_ConstructionWorks_Test@@EAEXXZ)
gtest_unittest.obj : error LNK2019: unresolved external symbol "public: virtual __thiscall testing::Test::~Test(void)" (??1Test@testing@@UAE@XZ) referenced in function "public: virtual void * __thiscall testing::CurrentTestInfoTest_WorksForFirstTestInATestCase_Test::`scalar deleting destructor'(unsigned int)" (??_GCurrentTestInfoTest_WorksForFirstTestInATestCase_Test@testing@@UAEPAXI@Z)
gtest_unittest.obj : error LNK2019: unresolved external symbol "public: static bool __cdecl testing::Test::HasFatalFailure(void)" (?HasFatalFailure@Test@testing@@SA_NXZ) referenced in function "public: static bool __cdecl testing::Test::HasFailure(void)" (?HasFailure@Test@testing@@SA_NXZ)
gtest_unittest.obj : error LNK2019: unresolved external symbol "public: static bool __cdecl testing::Test::HasNonfatalFailure(void)" (?HasNonfatalFailure@Test@testing@@SA_NXZ) referenced in function "private: virtual void __thiscall HasNonfatalFailureTest_ReturnsFalseWhenThereIsNoFailure_Test::TestBody(void)" (?TestBody@HasNonfatalFailureTest_ReturnsFalseWhenThereIsNoFailure_Test@@EAEXXZ)
gtest_unittest.obj : error LNK2019: unresolved external symbol "public: static void __cdecl testing::Test::RecordProperty(class std::basic_string<char,struct std::char_traits<char>,class std::allocator<char> > const &,class std::basic_string<char,struct std::char_traits<char>,class std::allocator<char> > const &)" (?RecordProperty@Test@testing@@SAXABV?$basic_string@DU?$char_traits@D@std@@V?$allocator@D@2@@std@@0@Z) referenced in function "private: virtual void __thiscall `anonymous namespace'::UnitTestRecordPropertyTest_AddRecordWithReservedKeysGeneratesCorrectPropertyList_Test::TestBody(void)" (?TestBody@UnitTestRecordPropertyTest_AddRecordWithReservedKeysGeneratesCorrectPropertyList_Test@?A0x726f3399@@EAEXXZ)
gtest_unittest.obj : error LNK2019: unresolved external symbol "protected: __thiscall testing::Test::Test(void)" (??0Test@testing@@IAE@XZ) referenced in function "public: virtual class testing::Test * __thiscall testing::internal::TestFactoryImpl<class `anonymous namespace'::AssertionWithMessageTest_FAIL_Test>::CreateTest(void)" (?CreateTest@?$TestFactoryImpl@VAssertionWithMessageTest_FAIL_Test@?A0x726f3399@@@internal@testing@@UAEPAVTest@3@XZ)
gtest_unittest.obj : error LNK2019: unresolved external symbol "public: __thiscall testing::TestResult::TestResult(void)" (??0TestResult@testing@@QAE@XZ) referenced in function "private: virtual void __thiscall `anonymous namespace'::TestResultPropertyTest_NoPropertiesFoundWhenNoneAreAdded_Test::TestBody(void)" (?TestBody@TestResultPropertyTest_NoPropertiesFoundWhenNoneAreAdded_Test@?A0x726f3399@@EAEXXZ)
gtest_unittest.obj : error LNK2019: unresolved external symbol "public: __thiscall testing::TestResult::~TestResult(void)" (??1TestResult@testing@@QAE@XZ) referenced in function "private: virtual void __thiscall `anonymous namespace'::TestResultPropertyTest_NoPropertiesFoundWhenNoneAreAdded_Test::TestBody(void)" (?TestBody@TestResultPropertyTest_NoPropertiesFoundWhenNoneAreAdded_Test@?A0x726f3399@@EAEXXZ)
gtest_unittest.obj : error LNK2019: unresolved external symbol "public: int __thiscall testing::TestResult::total_part_count(void)const " (?total_part_count@TestResult@testing@@QBEHXZ) referenced in function "private: virtual void __thiscall testing::SuccessfulAssertionTest_ASSERT_Test::TestBody(void)" (?TestBody@SuccessfulAssertionTest_ASSERT_Test@testing@@EAEXXZ)
gtest_unittest.obj : error LNK2019: unresolved external symbol "public: int __thiscall testing::TestResult::test_property_count(void)const " (?test_property_count@TestResult@testing@@QBEHXZ) referenced in function "private: virtual void __thiscall `anonymous namespace'::UnitTestRecordPropertyTest_OverridesValuesForDuplicateKeys_Test::TestBody(void)" (?TestBody@UnitTestRecordPropertyTest_OverridesValuesForDuplicateKeys_Test@?A0x726f3399@@EAEXXZ)
gtest_unittest.obj : error LNK2019: unresolved external symbol "public: bool __thiscall testing::TestResult::Failed(void)const " (?Failed@TestResult@testing@@QBE_NXZ) referenced in function "private: virtual void __thiscall `anonymous namespace'::TestResultTest_Passed_Test::TestBody(void)" (?TestBody@TestResultTest_Passed_Test@?A0x726f3399@@EAEXXZ)
gtest_unittest.obj : error LNK2019: unresolved external symbol "public: class testing::TestPartResult const & __thiscall testing::TestResult::GetTestPartResult(int)const " (?GetTestPartResult@TestResult@testing@@QBEABVTestPartResult@2@H@Z) referenced in function "private: virtual void __thiscall `anonymous namespace'::TestResultDeathTest_GetTestPartResult_Test::TestBody(void)" (?TestBody@TestResultDeathTest_GetTestPartResult_Test@?A0x726f3399@@EAEXXZ)
gtest_unittest.obj : error LNK2019: unresolved external symbol "public: class testing::TestProperty const & __thiscall testing::TestResult::GetTestProperty(int)const " (?GetTestProperty@TestResult@testing@@QBEABVTestProperty@2@H@Z) referenced in function "private: virtual void __thiscall `anonymous namespace'::UnitTestRecordPropertyTest_OverridesValuesForDuplicateKeys_Test::TestBody(void)" (?TestBody@UnitTestRecordPropertyTest_OverridesValuesForDuplicateKeys_Test@?A0x726f3399@@EAEXXZ)
gtest_unittest.obj : error LNK2019: unresolved external symbol "private: void __thiscall testing::TestResult::RecordProperty(class std::basic_string<char,struct std::char_traits<char>,class std::allocator<char> > const &,class testing::TestProperty const &)" (?RecordProperty@TestResult@testing@@AAEXABV?$basic_string@DU?$char_traits@D@std@@V?$allocator@D@2@@std@@ABVTestProperty@2@@Z) referenced in function "private: virtual void __thiscall `anonymous namespace'::TestResultPropertyTest_OnePropertyFoundWhenAdded_Test::TestBody(void)" (?TestBody@TestResultPropertyTest_OnePropertyFoundWhenAdded_Test@?A0x726f3399@@EAEXXZ)
gtest_unittest.obj : error LNK2019: unresolved external symbol "private: void __thiscall testing::TestResult::ClearTestPartResults(void)" (?ClearTestPartResults@TestResult@testing@@AAEXXZ) referenced in function "void __cdecl `anonymous namespace'::ClearCurrentTestPartResults(void)" (?ClearCurrentTestPartResults@?A0x726f3399@@YAXXZ)
gtest_unittest.obj : error LNK2019: unresolved external symbol "public: int __thiscall testing::TestCase::total_test_count(void)const " (?total_test_count@TestCase@testing@@QBEHXZ) referenced in function "protected: static class testing::TestInfo const * __cdecl testing::TestInfoTest::GetTestInfo(char const *)" (?GetTestInfo@TestInfoTest@testing@@KAPBVTestInfo@2@PBD@Z)
gtest_unittest.obj : error LNK2019: unresolved external symbol "public: class testing::TestInfo const * __thiscall testing::TestCase::GetTestInfo(int)const " (?GetTestInfo@TestCase@testing@@QBEPBVTestInfo@2@H@Z) referenced in function "protected: static class testing::TestInfo const * __cdecl testing::TestInfoTest::GetTestInfo(char const *)" (?GetTestInfo@TestInfoTest@testing@@KAPBVTestInfo@2@PBD@Z)
gtest_unittest.obj : error LNK2019: unresolved external symbol "public: __thiscall testing::TestEventListeners::TestEventListeners(void)" (??0TestEventListeners@testing@@QAE@XZ) referenced in function "private: virtual void __thiscall TestEventListenersTest_ConstructionWorks_Test::TestBody(void)" (?TestBody@TestEventListenersTest_ConstructionWorks_Test@@EAEXXZ)
gtest_unittest.obj : error LNK2019: unresolved external symbol "public: __thiscall testing::TestEventListeners::~TestEventListeners(void)" (??1TestEventListeners@testing@@QAE@XZ) referenced in function "private: virtual void __thiscall TestEventListenersTest_ConstructionWorks_Test::TestBody(void)" (?TestBody@TestEventListenersTest_ConstructionWorks_Test@@EAEXXZ)
gtest_unittest.obj : error LNK2019: unresolved external symbol "public: void __thiscall testing::TestEventListeners::Append(class testing::TestEventListener *)" (?Append@TestEventListeners@testing@@QAEXPAVTestEventListener@2@@Z) referenced in function "private: virtual void __thiscall TestEventListenersTest_DestructionWorks_Test::TestBody(void)" (?TestBody@TestEventListenersTest_DestructionWorks_Test@@EAEXXZ)
gtest_unittest.obj : error LNK2019: unresolved external symbol "public: class testing::TestEventListener * __thiscall testing::TestEventListeners::Release(class testing::TestEventListener *)" (?Release@TestEventListeners@testing@@QAEPAVTestEventListener@2@PAV32@@Z) referenced in function "private: virtual void __thiscall EventListenerTest_RemovingDefaultResultPrinterWorks_Test::TestBody(void)" (?TestBody@EventListenerTest_RemovingDefaultResultPrinterWorks_Test@@EAEXXZ)
gtest_unittest.obj : error LNK2019: unresolved external symbol "private: class testing::TestEventListener * __thiscall testing::TestEventListeners::repeater(void)" (?repeater@TestEventListeners@testing@@AAEPAVTestEventListener@2@XZ) referenced in function "private: virtual void __thiscall TestEventListenersTest_ConstructionWorks_Test::TestBody(void)" (?TestBody@TestEventListenersTest_ConstructionWorks_Test@@EAEXXZ)
gtest_unittest.obj : error LNK2019: unresolved external symbol "private: void __thiscall testing::TestEventListeners::SetDefaultResultPrinter(class testing::TestEventListener *)" (?SetDefaultResultPrinter@TestEventListeners@testing@@AAEXPAVTestEventListener@2@@Z) referenced in function "private: virtual void __thiscall EventListenerTest_default_result_printer_Test::TestBody(void)" (?TestBody@EventListenerTest_default_result_printer_Test@@EAEXXZ)
gtest_unittest.obj : error LNK2019: unresolved external symbol "private: void __thiscall testing::TestEventListeners::SetDefaultXmlGenerator(class testing::TestEventListener *)" (?SetDefaultXmlGenerator@TestEventListeners@testing@@AAEXPAVTestEventListener@2@@Z) referenced in function "private: virtual void __thiscall TestEventListenersTest_DestructionWorks_Test::TestBody(void)" (?TestBody@TestEventListenersTest_DestructionWorks_Test@@EAEXXZ)
gtest_unittest.obj : error LNK2019: unresolved external symbol "private: bool __thiscall testing::TestEventListeners::EventForwardingEnabled(void)const " (?EventForwardingEnabled@TestEventListeners@testing@@ABE_NXZ) referenced in function "private: virtual void __thiscall EventListenerDeathTest_EventsNotForwardedInDeathTestSubprecesses_Test::TestBody(void)" (?TestBody@EventListenerDeathTest_EventsNotForwardedInDeathTestSubprecesses_Test@@EAEXXZ)
gtest_unittest.obj : error LNK2019: unresolved external symbol "private: void __thiscall testing::TestEventListeners::SuppressEventForwarding(void)" (?SuppressEventForwarding@TestEventListeners@testing@@AAEXXZ) referenced in function "private: virtual void __thiscall EventListenerTest_SuppressEventForwarding_Test::TestBody(void)" (?TestBody@EventListenerTest_SuppressEventForwarding_Test@@EAEXXZ)
gtest_unittest.obj : error LNK2019: unresolved external symbol "public: static class testing::UnitTest * __cdecl testing::UnitTest::GetInstance(void)" (?GetInstance@UnitTest@testing@@SAPAV12@XZ) referenced in function "private: virtual void __thiscall testing::SuccessfulAssertionTest_ASSERT_Test::TestBody(void)" (?TestBody@SuccessfulAssertionTest_ASSERT_Test@testing@@EAEXXZ)
gtest_unittest.obj : error LNK2019: unresolved external symbol "public: char const * __thiscall testing::UnitTest::original_working_dir(void)const " (?original_working_dir@UnitTest@testing@@QBEPBDXZ) referenced in function "private: virtual void __thiscall `anonymous namespace'::UnitTestTest_CanGetOriginalWorkingDir_Test::TestBody(void)" (?TestBody@UnitTestTest_CanGetOriginalWorkingDir_Test@?A0x726f3399@@EAEXXZ)
gtest_unittest.obj : error LNK2019: unresolved external symbol "public: class testing::TestCase const * __thiscall testing::UnitTest::current_test_case(void)const " (?current_test_case@UnitTest@testing@@QBEPBVTestCase@2@XZ) referenced in function "void __cdecl `anonymous namespace'::ExpectNonFatalFailureRecordingPropertyWithReservedKeyForCurrentTestCase(char const *)" (?ExpectNonFatalFailureRecordingPropertyWithReservedKeyForCurrentTestCase@?A0x726f3399@@YAXPBD@Z)
gtest_unittest.obj : error LNK2019: unresolved external symbol "public: class testing::TestInfo const * __thiscall testing::UnitTest::current_test_info(void)const " (?current_test_info@UnitTest@testing@@QBEPBVTestInfo@2@XZ) referenced in function "private: virtual void __thiscall testing::CurrentTestInfoTest_WorksForSecondTestInATestCase_Test::TestBody(void)" (?TestBody@CurrentTestInfoTest_WorksForSecondTestInATestCase_Test@testing@@EAEXXZ)
gtest_unittest.obj : error LNK2019: unresolved external symbol "public: class testing::internal::ParameterizedTestCaseRegistry & __thiscall testing::UnitTest::parameterized_test_registry(void)" (?parameterized_test_registry@UnitTest@testing@@QAEAAVParameterizedTestCaseRegistry@internal@2@XZ) referenced in function "void __cdecl testing::`dynamic initializer for 'gtest_CodeLocationForTESTP_dummy_''(void)" (??__Egtest_CodeLocationForTESTP_dummy_@testing@@YAXXZ)
gtest_unittest.obj : error LNK2019: unresolved external symbol "public: __int64 __thiscall testing::UnitTest::start_timestamp(void)const " (?start_timestamp@UnitTest@testing@@QBE_JXZ) referenced in function "private: virtual void __thiscall `anonymous namespace'::UnitTestTest_ReturnsPlausibleTimestamp_Test::TestBody(void)" (?TestBody@UnitTestTest_ReturnsPlausibleTimestamp_Test@?A0x726f3399@@EAEXXZ)
gtest_unittest.obj : error LNK2019: unresolved external symbol "public: class testing::TestResult const & __thiscall testing::UnitTest::ad_hoc_test_result(void)const " (?ad_hoc_test_result@UnitTest@testing@@QBEABVTestResult@2@XZ) referenced in function "private: virtual void __thiscall `anonymous namespace'::UnitTestRecordPropertyTest_OverridesValuesForDuplicateKeys_Test::TestBody(void)" (?TestBody@UnitTestRecordPropertyTest_OverridesValuesForDuplicateKeys_Test@?A0x726f3399@@EAEXXZ)
gtest_unittest.obj : error LNK2019: unresolved external symbol "private: class testing::Environment * __thiscall testing::UnitTest::AddEnvironment(class testing::Environment *)" (?AddEnvironment@UnitTest@testing@@AAEPAVEnvironment@2@PAV32@@Z) referenced in function "void __cdecl `anonymous namespace'::`dynamic initializer for 'record_property_env''(void)" (??__Erecord_property_env@?A0x726f3399@@YAXXZ)
gtest_unittest.obj : error LNK2019: unresolved external symbol "private: void __thiscall testing::UnitTest::RecordProperty(class std::basic_string<char,struct std::char_traits<char>,class std::allocator<char> > const &,class std::basic_string<char,struct std::char_traits<char>,class std::allocator<char> > const &)" (?RecordProperty@UnitTest@testing@@AAEXABV?$basic_string@DU?$char_traits@D@std@@V?$allocator@D@2@@std@@0@Z) referenced in function "protected: void __thiscall testing::internal::UnitTestRecordPropertyTestHelper::UnitTestRecordProperty(char const *,class std::basic_string<char,struct std::char_traits<char>,class std::allocator<char> > const &)" (?UnitTestRecordProperty@UnitTestRecordPropertyTestHelper@internal@testing@@IAEXPBDABV?$basic_string@DU?$char_traits@D@std@@V?$allocator@D@2@@std@@@Z)
gtest_unittest.obj : error LNK2019: unresolved external symbol "private: __thiscall testing::UnitTest::UnitTest(void)" (??0UnitTest@testing@@AAE@XZ) referenced in function "protected: __thiscall testing::internal::UnitTestRecordPropertyTestHelper::UnitTestRecordPropertyTestHelper(void)" (??0UnitTestRecordPropertyTestHelper@internal@testing@@IAE@XZ)
gtest_unittest.obj : error LNK2019: unresolved external symbol "private: virtual __thiscall testing::UnitTest::~UnitTest(void)" (??1UnitTest@testing@@EAE@XZ) referenced in function "public: virtual void * __thiscall `anonymous namespace'::UnitTestRecordPropertyTest_OverridesValuesForDuplicateKeys_Test::`scalar deleting destructor'(unsigned int)" (??_GUnitTestRecordPropertyTest_OverridesValuesForDuplicateKeys_Test@?A0x726f3399@@UAEPAXI@Z)
gtest_unittest.obj : error LNK2019: unresolved external symbol "class testing::AssertionResult __cdecl testing::internal::CmpHelperEQ(char const *,char const *,__int64,__int64)" (?CmpHelperEQ@internal@testing@@YA?AVAssertionResult@2@PBD0_J1@Z) referenced in function "public: static class testing::AssertionResult __cdecl testing::internal::EqHelper<1>::Compare<__int64,__int64>(char const *,char const *,__int64 const &,__int64 const &,void *)" (??$Compare@_J_J@?$EqHelper@$00@internal@testing@@SA?AVAssertionResult@2@PBD0AB_J1PAX@Z)
gtest_unittest.obj : error LNK2019: unresolved external symbol "class testing::AssertionResult __cdecl testing::internal::CmpHelperLE(char const *,char const *,__int64,__int64)" (?CmpHelperLE@internal@testing@@YA?AVAssertionResult@2@PBD0_J1@Z) referenced in function "private: virtual void __thiscall `anonymous namespace'::UnitTestTest_ReturnsPlausibleTimestamp_Test::TestBody(void)" (?TestBody@UnitTestTest_ReturnsPlausibleTimestamp_Test@?A0x726f3399@@EAEXXZ)
gtest_unittest.obj : error LNK2019: unresolved external symbol "class testing::AssertionResult __cdecl testing::internal::CmpHelperSTREQ(char const *,char const *,char const *,char const *)" (?CmpHelperSTREQ@internal@testing@@YA?AVAssertionResult@2@PBD000@Z) referenced in function "private: virtual void __thiscall `anonymous namespace'::StringAssertionTest_ASSERT_STREQ_Test::TestBody(void)" (?TestBody@StringAssertionTest_ASSERT_STREQ_Test@?A0x726f3399@@EAEXXZ)
gtest_unittest.obj : error LNK2019: unresolved external symbol "class testing::AssertionResult __cdecl testing::internal::CmpHelperSTRCASEEQ(char const *,char const *,char const *,char const *)" (?CmpHelperSTRCASEEQ@internal@testing@@YA?AVAssertionResult@2@PBD000@Z) referenced in function "private: virtual void __thiscall `anonymous namespace'::AssertionWithMessageTest_EXPECT_Test::TestBody(void)" (?TestBody@AssertionWithMessageTest_EXPECT_Test@?A0x726f3399@@EAEXXZ)
gtest_unittest.obj : error LNK2019: unresolved external symbol "class testing::AssertionResult __cdecl testing::internal::CmpHelperSTRNE(char const *,char const *,char const *,char const *)" (?CmpHelperSTRNE@internal@testing@@YA?AVAssertionResult@2@PBD000@Z) referenced in function "private: virtual void __thiscall testing::SetUpTestCaseTest_Test1_Test::TestBody(void)" (?TestBody@SetUpTestCaseTest_Test1_Test@testing@@EAEXXZ)
gtest_unittest.obj : error LNK2019: unresolved external symbol "class testing::AssertionResult __cdecl testing::internal::CmpHelperSTRCASENE(char const *,char const *,char const *,char const *)" (?CmpHelperSTRCASENE@internal@testing@@YA?AVAssertionResult@2@PBD000@Z) referenced in function "private: virtual void __thiscall `anonymous namespace'::AssertionWithMessageTest_EXPECT_Test::TestBody(void)" (?TestBody@AssertionWithMessageTest_EXPECT_Test@?A0x726f3399@@EAEXXZ)
gtest_unittest.obj : error LNK2019: unresolved external symbol "class testing::AssertionResult __cdecl testing::internal::CmpHelperSTREQ(char const *,char const *,wchar_t const *,wchar_t const *)" (?CmpHelperSTREQ@internal@testing@@YA?AVAssertionResult@2@PBD0PB_W1@Z) referenced in function "private: virtual void __thiscall `anonymous namespace'::StringAssertionTest_STREQ_Wide_Test::TestBody(void)" (?TestBody@StringAssertionTest_STREQ_Wide_Test@?A0x726f3399@@EAEXXZ)
gtest_unittest.obj : error LNK2019: unresolved external symbol "class testing::AssertionResult __cdecl testing::internal::CmpHelperSTRNE(char const *,char const *,wchar_t const *,wchar_t const *)" (?CmpHelperSTRNE@internal@testing@@YA?AVAssertionResult@2@PBD0PB_W1@Z) referenced in function "private: virtual void __thiscall `anonymous namespace'::StringAssertionTest_STRNE_Wide_Test::TestBody(void)" (?TestBody@StringAssertionTest_STRNE_Wide_Test@?A0x726f3399@@EAEXXZ)
gtest_unittest.obj : error LNK2019: unresolved external symbol "class testing::AssertionResult __cdecl testing::IsSubstring(char const *,char const *,char const *,char const *)" (?IsSubstring@testing@@YA?AVAssertionResult@1@PBD000@Z) referenced in function "private: virtual void __thiscall `anonymous namespace'::IsSubstringTest_ReturnsCorrectResultForCString_Test::TestBody(void)" (?TestBody@IsSubstringTest_ReturnsCorrectResultForCString_Test@?A0x726f3399@@EAEXXZ)
gtest_unittest.obj : error LNK2019: unresolved external symbol "class testing::AssertionResult __cdecl testing::IsSubstring(char const *,char const *,wchar_t const *,wchar_t const *)" (?IsSubstring@testing@@YA?AVAssertionResult@1@PBD0PB_W1@Z) referenced in function "private: virtual void __thiscall `anonymous namespace'::IsSubstringTest_ReturnsCorrectResultForWideCString_Test::TestBody(void)" (?TestBody@IsSubstringTest_ReturnsCorrectResultForWideCString_Test@?A0x726f3399@@EAEXXZ)
gtest_unittest.obj : error LNK2019: unresolved external symbol "class testing::AssertionResult __cdecl testing::IsNotSubstring(char const *,char const *,char const *,char const *)" (?IsNotSubstring@testing@@YA?AVAssertionResult@1@PBD000@Z) referenced in function "private: virtual void __thiscall `anonymous namespace'::IsNotSubstringTest_ReturnsCorrectResultForCString_Test::TestBody(void)" (?TestBody@IsNotSubstringTest_ReturnsCorrectResultForCString_Test@?A0x726f3399@@EAEXXZ)
gtest_unittest.obj : error LNK2019: unresolved external symbol "class testing::AssertionResult __cdecl testing::IsNotSubstring(char const *,char const *,wchar_t const *,wchar_t const *)" (?IsNotSubstring@testing@@YA?AVAssertionResult@1@PBD0PB_W1@Z) referenced in function "private: virtual void __thiscall `anonymous namespace'::IsNotSubstringTest_GeneratesCorrectMessageForWideCString_Test::TestBody(void)" (?TestBody@IsNotSubstringTest_GeneratesCorrectMessageForWideCString_Test@?A0x726f3399@@EAEXXZ)
gtest_unittest.obj : error LNK2019: unresolved external symbol "class testing::AssertionResult __cdecl testing::IsSubstring(char const *,char const *,class std::basic_string<char,struct std::char_traits<char>,class std::allocator<char> > const &,class std::basic_string<char,struct std::char_traits<char>,class std::allocator<char> > const &)" (?IsSubstring@testing@@YA?AVAssertionResult@1@PBD0ABV?$basic_string@DU?$char_traits@D@std@@V?$allocator@D@2@@std@@1@Z) referenced in function "private: virtual void __thiscall `anonymous namespace'::IsSubstringTest_ReturnsCorrectResultsForStdString_Test::TestBody(void)" (?TestBody@IsSubstringTest_ReturnsCorrectResultsForStdString_Test@?A0x726f3399@@EAEXXZ)
gtest_unittest.obj : error LNK2019: unresolved external symbol "class testing::AssertionResult __cdecl testing::IsNotSubstring(char const *,char const *,class std::basic_string<char,struct std::char_traits<char>,class std::allocator<char> > const &,class std::basic_string<char,struct std::char_traits<char>,class std::allocator<char> > const &)" (?IsNotSubstring@testing@@YA?AVAssertionResult@1@PBD0ABV?$basic_string@DU?$char_traits@D@std@@V?$allocator@D@2@@std@@1@Z) referenced in function "private: virtual void __thiscall `anonymous namespace'::IsNotSubstringTest_ReturnsCorrectResultsForStdString_Test::TestBody(void)" (?TestBody@IsNotSubstringTest_ReturnsCorrectResultsForStdString_Test@?A0x726f3399@@EAEXXZ)
gtest_unittest.obj : error LNK2019: unresolved external symbol "class testing::AssertionResult __cdecl testing::IsSubstring(char const *,char const *,class std::basic_string<wchar_t,struct std::char_traits<wchar_t>,class std::allocator<wchar_t> > const &,class std::basic_string<wchar_t,struct std::char_traits<wchar_t>,class std::allocator<wchar_t> > const &)" (?IsSubstring@testing@@YA?AVAssertionResult@1@PBD0ABV?$basic_string@_WU?$char_traits@_W@std@@V?$allocator@_W@2@@std@@1@Z) referenced in function "private: virtual void __thiscall `anonymous namespace'::IsSubstringTest_ReturnsCorrectResultForStdWstring_Test::TestBody(void)" (?TestBody@IsSubstringTest_ReturnsCorrectResultForStdWstring_Test@?A0x726f3399@@EAEXXZ)
gtest_unittest.obj : error LNK2019: unresolved external symbol "class testing::AssertionResult __cdecl testing::IsNotSubstring(char const *,char const *,class std::basic_string<wchar_t,struct std::char_traits<wchar_t>,class std::allocator<wchar_t> > const &,class std::basic_string<wchar_t,struct std::char_traits<wchar_t>,class std::allocator<wchar_t> > const &)" (?IsNotSubstring@testing@@YA?AVAssertionResult@1@PBD0ABV?$basic_string@_WU?$char_traits@_W@std@@V?$allocator@_W@2@@std@@1@Z) referenced in function "private: virtual void __thiscall `anonymous namespace'::IsNotSubstringTest_ReturnsCorrectResultForStdWstring_Test::TestBody(void)" (?TestBody@IsNotSubstringTest_ReturnsCorrectResultForStdWstring_Test@?A0x726f3399@@EAEXXZ)
gtest_unittest.obj : error LNK2019: unresolved external symbol "class testing::AssertionResult __cdecl testing::internal::DoubleNearPredFormat(char const *,char const *,char const *,double,double,double)" (?DoubleNearPredFormat@internal@testing@@YA?AVAssertionResult@2@PBD00NNN@Z) referenced in function "private: virtual void __thiscall `anonymous namespace'::DoubleTest_EXPECT_NEAR_Test::TestBody(void)" (?TestBody@DoubleTest_EXPECT_NEAR_Test@?A0x726f3399@@EAEXXZ)
gtest_unittest.obj : error LNK2019: unresolved external symbol "public: __thiscall testing::internal::AssertHelper::AssertHelper(enum testing::TestPartResult::Type,char const *,int,char const *)" (??0AssertHelper@internal@testing@@QAE@W4Type@TestPartResult@2@PBDH1@Z) referenced in function "private: virtual void __thiscall `anonymous namespace'::StringAssertionTest_STRNE_Wide_Test::TestBody(void)" (?TestBody@StringAssertionTest_STRNE_Wide_Test@?A0x726f3399@@EAEXXZ)
gtest_unittest.obj : error LNK2019: unresolved external symbol "public: __thiscall testing::internal::AssertHelper::~AssertHelper(void)" (??1AssertHelper@internal@testing@@QAE@XZ) referenced in function "private: virtual void __thiscall `anonymous namespace'::StringAssertionTest_STRNE_Wide_Test::TestBody(void)" (?TestBody@StringAssertionTest_STRNE_Wide_Test@?A0x726f3399@@EAEXXZ)
gtest_unittest.obj : error LNK2019: unresolved external symbol "public: void __thiscall testing::internal::AssertHelper::operator=(class testing::Message const &)const " (??4AssertHelper@internal@testing@@QBEXABVMessage@2@@Z) referenced in function "private: virtual void __thiscall `anonymous namespace'::StringAssertionTest_STRNE_Wide_Test::TestBody(void)" (?TestBody@StringAssertionTest_STRNE_Wide_Test@?A0x726f3399@@EAEXXZ)
gtest_unittest.obj : error LNK2019: unresolved external symbol "class testing::AssertionResult __cdecl testing::FloatLE(char const *,char const *,float,float)" (?FloatLE@testing@@YA?AVAssertionResult@1@PBD0MM@Z) referenced in function "private: virtual void __thiscall `anonymous namespace'::FloatTest_FloatLESucceeds_Test::TestBody(void)" (?TestBody@FloatTest_FloatLESucceeds_Test@?A0x726f3399@@EAEXXZ)
gtest_unittest.obj : error LNK2019: unresolved external symbol "class testing::AssertionResult __cdecl testing::DoubleLE(char const *,char const *,double,double)" (?DoubleLE@testing@@YA?AVAssertionResult@1@PBD0NN@Z) referenced in function "private: virtual void __thiscall `anonymous namespace'::DoubleTest_DoubleLESucceeds_Test::TestBody(void)" (?TestBody@DoubleTest_DoubleLESucceeds_Test@?A0x726f3399@@EAEXXZ)
gtest_unittest.obj : error LNK2019: unresolved external symbol "public: __thiscall testing::ScopedFakeTestPartResultReporter::ScopedFakeTestPartResultReporter(class testing::TestPartResultArray *)" (??0ScopedFakeTestPartResultReporter@testing@@QAE@PAVTestPartResultArray@1@@Z) referenced in function "private: virtual void __thiscall `anonymous namespace'::ScopedFakeTestPartResultReporterTest_DeprecatedConstructor_Test::TestBody(void)" (?TestBody@ScopedFakeTestPartResultReporterTest_DeprecatedConstructor_Test@?A0x726f3399@@EAEXXZ)
gtest_unittest.obj : error LNK2019: unresolved external symbol "public: __thiscall testing::ScopedFakeTestPartResultReporter::ScopedFakeTestPartResultReporter(enum testing::ScopedFakeTestPartResultReporter::InterceptMode,class testing::TestPartResultArray *)" (??0ScopedFakeTestPartResultReporter@testing@@QAE@W4InterceptMode@01@PAVTestPartResultArray@1@@Z) referenced in function "private: virtual void __thiscall `anonymous namespace'::StringAssertionTest_STRNE_Wide_Test::TestBody(void)" (?TestBody@StringAssertionTest_STRNE_Wide_Test@?A0x726f3399@@EAEXXZ)
gtest_unittest.obj : error LNK2019: unresolved external symbol "public: virtual __thiscall testing::ScopedFakeTestPartResultReporter::~ScopedFakeTestPartResultReporter(void)" (??1ScopedFakeTestPartResultReporter@testing@@UAE@XZ) referenced in function "private: virtual void __thiscall `anonymous namespace'::StringAssertionTest_STRNE_Wide_Test::TestBody(void)" (?TestBody@StringAssertionTest_STRNE_Wide_Test@?A0x726f3399@@EAEXXZ)
gtest_unittest.obj : error LNK2019: unresolved external symbol "public: __thiscall testing::internal::SingleFailureChecker::SingleFailureChecker(class testing::TestPartResultArray const *,enum testing::TestPartResult::Type,class std::basic_string<char,struct std::char_traits<char>,class std::allocator<char> > const &)" (??0SingleFailureChecker@internal@testing@@QAE@PBVTestPartResultArray@2@W4Type@TestPartResult@2@ABV?$basic_string@DU?$char_traits@D@std@@V?$allocator@D@2@@std@@@Z) referenced in function "private: virtual void __thiscall `anonymous namespace'::StringAssertionTest_STRNE_Wide_Test::TestBody(void)" (?TestBody@StringAssertionTest_STRNE_Wide_Test@?A0x726f3399@@EAEXXZ)
gtest_unittest.obj : error LNK2019: unresolved external symbol "public: __thiscall testing::internal::SingleFailureChecker::~SingleFailureChecker(void)" (??1SingleFailureChecker@internal@testing@@QAE@XZ) referenced in function "private: virtual void __thiscall `anonymous namespace'::StringAssertionTest_STRNE_Wide_Test::TestBody(void)" (?TestBody@StringAssertionTest_STRNE_Wide_Test@?A0x726f3399@@EAEXXZ)
gtest_unittest.obj : error LNK2019: unresolved external symbol "__int64 __cdecl testing::internal::GetTimeInMillis(void)" (?GetTimeInMillis@internal@testing@@YA_JXZ) referenced in function "private: virtual void __thiscall `anonymous namespace'::GetRandomSeedFromFlagTest_HandlesZero_Test::TestBody(void)" (?TestBody@GetRandomSeedFromFlagTest_HandlesZero_Test@?A0x726f3399@@EAEXXZ)
gtest_unittest.obj : error LNK2019: unresolved external symbol "bool __cdecl testing::internal::ShouldUseColor(bool)" (?ShouldUseColor@internal@testing@@YA_N_N@Z) referenced in function "private: virtual void __thiscall ColoredOutputTest_UsesColorsWhenGTestColorFlagIsYes_Test::TestBody(void)" (?TestBody@ColoredOutputTest_UsesColorsWhenGTestColorFlagIsYes_Test@@EAEXXZ)
gtest_unittest.obj : error LNK2019: unresolved external symbol "class std::basic_string<char,struct std::char_traits<char>,class std::allocator<char> > __cdecl testing::internal::FormatTimeInMillisAsSeconds(__int64)" (?FormatTimeInMillisAsSeconds@internal@testing@@YA?AV?$basic_string@DU?$char_traits@D@std@@V?$allocator@D@2@@std@@_J@Z) referenced in function "private: virtual void __thiscall `anonymous namespace'::FormatTimeInMillisAsSecondsTest_FormatsZero_Test::TestBody(void)" (?TestBody@FormatTimeInMillisAsSecondsTest_FormatsZero_Test@?A0x726f3399@@EAEXXZ)
gtest_unittest.obj : error LNK2019: unresolved external symbol "class std::basic_string<char,struct std::char_traits<char>,class std::allocator<char> > __cdecl testing::internal::FormatEpochTimeInMillisAsIso8601(__int64)" (?FormatEpochTimeInMillisAsIso8601@internal@testing@@YA?AV?$basic_string@DU?$char_traits@D@std@@V?$allocator@D@2@@std@@_J@Z) referenced in function "private: virtual void __thiscall `anonymous namespace'::FormatEpochTimeInMillisAsIso8601Test_PrintsLeadingZeroes_Test::TestBody(void)" (?TestBody@FormatEpochTimeInMillisAsIso8601Test_PrintsLeadingZeroes_Test@?A0x726f3399@@EAEXXZ)
gtest_unittest.obj : error LNK2019: unresolved external symbol "bool __cdecl testing::internal::ParseInt32Flag(char const *,char const *,int *)" (?ParseInt32Flag@internal@testing@@YA_NPBD0PAH@Z) referenced in function "private: virtual void __thiscall `anonymous namespace'::ParseInt32FlagTest_ReturnsDefaultWhenValueOverflows_Test::TestBody(void)" (?TestBody@ParseInt32FlagTest_ReturnsDefaultWhenValueOverflows_Test@?A0x726f3399@@EAEXXZ)
gtest_unittest.obj : error LNK2019: unresolved external symbol "class std::basic_string<char,struct std::char_traits<char>,class std::allocator<char> > __cdecl testing::internal::CodePointToUtf8(unsigned int)" (?CodePointToUtf8@internal@testing@@YA?AV?$basic_string@DU?$char_traits@D@std@@V?$allocator@D@2@@std@@I@Z) referenced in function "private: virtual void __thiscall `anonymous namespace'::CodePointToUtf8Test_CanEncodeNul_Test::TestBody(void)" (?TestBody@CodePointToUtf8Test_CanEncodeNul_Test@?A0x726f3399@@EAEXXZ)
gtest_unittest.obj : error LNK2019: unresolved external symbol "class std::basic_string<char,struct std::char_traits<char>,class std::allocator<char> > __cdecl testing::internal::WideStringToUtf8(wchar_t const *,int)" (?WideStringToUtf8@internal@testing@@YA?AV?$basic_string@DU?$char_traits@D@std@@V?$allocator@D@2@@std@@PB_WH@Z) referenced in function "private: virtual void __thiscall `anonymous namespace'::WideStringToUtf8Test_CanEncodeAscii_Test::TestBody(void)" (?TestBody@WideStringToUtf8Test_CanEncodeAscii_Test@?A0x726f3399@@EAEXXZ)
gtest_unittest.obj : error LNK2019: unresolved external symbol "bool __cdecl testing::internal::ShouldShard(char const *,char const *,bool)" (?ShouldShard@internal@testing@@YA_NPBD0_N@Z) referenced in function "private: virtual void __thiscall `anonymous namespace'::ShouldShardTest_WorksWhenShardEnvVarsAreValid_Test::TestBody(void)" (?TestBody@ShouldShardTest_WorksWhenShardEnvVarsAreValid_Test@?A0x726f3399@@EAEXXZ)
gtest_unittest.obj : error LNK2019: unresolved external symbol "int __cdecl testing::internal::Int32FromEnvOrDie(char const *,int)" (?Int32FromEnvOrDie@internal@testing@@YAHPBDH@Z) referenced in function "private: virtual void __thiscall `anonymous namespace'::Int32FromEnvOrDieTest_ParsesAndReturnsValidValue_Test::TestBody(void)" (?TestBody@Int32FromEnvOrDieTest_ParsesAndReturnsValidValue_Test@?A0x726f3399@@EAEXXZ)
gtest_unittest.obj : error LNK2019: unresolved external symbol "bool __cdecl testing::internal::ShouldRunTestOnShard(int,int,int)" (?ShouldRunTestOnShard@internal@testing@@YA_NHHH@Z) referenced in function "private: virtual void __thiscall `anonymous namespace'::ShouldRunTestOnShardTest_IsPartitionWhenThereAreFiveShards_Test::TestBody(void)" (?TestBody@ShouldRunTestOnShardTest_IsPartitionWhenThereAreFiveShards_Test@?A0x726f3399@@EAEXXZ)
gtest_unittest.obj : error LNK2019: unresolved external symbol "class testing::internal::FilePath __cdecl testing::internal::GetCurrentExecutableName(void)" (?GetCurrentExecutableName@internal@testing@@YA?AVFilePath@12@XZ) referenced in function "public: virtual void __thiscall testing::FlagfileTest::SetUp(void)" (?SetUp@FlagfileTest@testing@@UAEXXZ)
gtest_unittest.obj : error LNK2019: unresolved external symbol "public: class testing::TestResult * __thiscall testing::internal::UnitTestImpl::current_test_result(void)" (?current_test_result@UnitTestImpl@internal@testing@@QAEPAVTestResult@3@XZ) referenced in function "private: virtual void __thiscall testing::SuccessfulAssertionTest_ASSERT_Test::TestBody(void)" (?TestBody@SuccessfulAssertionTest_ASSERT_Test@testing@@EAEXXZ)
gtest_unittest.obj : error LNK2019: unresolved external symbol "public: class testing::TestCase * __thiscall testing::internal::UnitTestImpl::GetTestCase(char const *,char const *,void (__cdecl*)(void),void (__cdecl*)(void))" (?GetTestCase@UnitTestImpl@internal@testing@@QAEPAVTestCase@3@PBD0P6AXXZ1@Z) referenced in function "protected: static class testing::TestInfo const * __cdecl testing::TestInfoTest::GetTestInfo(char const *)" (?GetTestInfo@TestInfoTest@testing@@KAPBVTestInfo@2@PBD@Z)
gtest_unittest.obj : error LNK2019: unresolved external symbol "void __cdecl testing::internal::ParseGoogleTestFlagsOnly(int *,char * *)" (?ParseGoogleTestFlagsOnly@internal@testing@@YAXPAHPAPAD@Z) referenced in function "protected: static void __cdecl testing::InitGoogleTestTest::TestParsingFlags<char>(int,char const * *,int,char const * *,struct testing::Flags const &,bool)" (??$TestParsingFlags@D@InitGoogleTestTest@testing@@KAXHPAPBDH0ABUFlags@1@_N@Z)
gtest_unittest.obj : error LNK2019: unresolved external symbol "void __cdecl testing::internal::ParseGoogleTestFlagsOnly(int *,wchar_t * *)" (?ParseGoogleTestFlagsOnly@internal@testing@@YAXPAHPAPA_W@Z) referenced in function "protected: static void __cdecl testing::InitGoogleTestTest::TestParsingFlags<wchar_t>(int,wchar_t const * *,int,wchar_t const * *,struct testing::Flags const &,bool)" (??$TestParsingFlags@_W@InitGoogleTestTest@testing@@KAXHPAPB_WH0ABUFlags@1@_N@Z)
gtest_unittest.obj : error LNK2001: unresolved external symbol "class testing::internal::Mutex testing::internal::g_linked_ptr_mutex" (?g_linked_ptr_mutex@internal@testing@@3VMutex@12@A)
gtest_unittest.obj : error LNK2001: unresolved external symbol "bool testing::FLAGS_gtest_show_internal_stack_frames" (?FLAGS_gtest_show_internal_stack_frames@testing@@3_NA)
gtest_unittest.obj : error LNK2001: unresolved external symbol "void const * const testing::internal::kTestTypeIdInGoogleTest" (?kTestTypeIdInGoogleTest@internal@testing@@3QBXB)
gtest_unittest.obj : error LNK2001: unresolved external symbol "bool testing::internal::g_help_flag" (?g_help_flag@internal@testing@@3_NA)
LIBCMTD.lib(exe_main.obj) : error LNK2019: unresolved external symbol _main referenced in function "int __cdecl invoke_main(void)" (?invoke_main@@YAHXZ)
GTServer/Debug\gtest_unittest.exe : fatal error LNK1120: 161 unresolved externals
